Traceback (most recent call last):
  File "C:\Users\seanc\AppData\Roaming\Python\Python38\site-packages\jupyter_cache\executors\utils.py", line 51, in single_nb_execution
    executenb(
  File "C:\Users\seanc\AppData\Roaming\Python\Python38\site-packages\nbclient\client.py", line 1117, in execute
    return NotebookClient(nb=nb, resources=resources, km=km, **kwargs).execute()
  File "C:\Users\seanc\AppData\Roaming\Python\Python38\site-packages\nbclient\util.py", line 78, in wrapped
    return just_run(coro(*args, **kwargs))
  File "C:\Users\seanc\AppData\Roaming\Python\Python38\site-packages\nbclient\util.py", line 57, in just_run
    return loop.run_until_complete(coro)
  File "c:\program files\python38\lib\asyncio\base_events.py", line 616, in run_until_complete
    return future.result()
  File "C:\Users\seanc\AppData\Roaming\Python\Python38\site-packages\nbclient\client.py", line 558, in async_execute
    await self.async_execute_cell(
  File "C:\Users\seanc\AppData\Roaming\Python\Python38\site-packages\nbclient\client.py", line 862, in async_execute_cell
    self._check_raise_for_error(cell, exec_reply)
  File "C:\Users\seanc\AppData\Roaming\Python\Python38\site-packages\nbclient\client.py", line 765, in _check_raise_for_error
    raise CellExecutionError.from_cell_and_msg(cell, exec_reply_content)
nbclient.exceptions.CellExecutionError: An error occurred while executing the following cell:
------------------
#Test for the occurence of missing values
import os
for file in os.listdir('../data/'):
    if file != 'readme.txt':
        df = pd.read_csv(f'../data/{file}', sep='\t', encoding='latin-1')
        print(f'Reading file: {file} | Contains missing data: {df.isnull().values.any()}')
------------------

[1;31m---------------------------------------------------------------------------[0m
[1;31mPermissionError[0m                           Traceback (most recent call last)
[1;32m~\AppData\Local\Temp/ipykernel_6512/1821401783.py[0m in [0;36m<module>[1;34m[0m
[0;32m      3[0m [1;32mfor[0m [0mfile[0m [1;32min[0m [0mos[0m[1;33m.[0m[0mlistdir[0m[1;33m([0m[1;34m'../data/'[0m[1;33m)[0m[1;33m:[0m[1;33m[0m[1;33m[0m[0m
[0;32m      4[0m     [1;32mif[0m [0mfile[0m [1;33m!=[0m [1;34m'readme.txt'[0m[1;33m:[0m[1;33m[0m[1;33m[0m[0m
[1;32m----> 5[1;33m         [0mdf[0m [1;33m=[0m [0mpd[0m[1;33m.[0m[0mread_csv[0m[1;33m([0m[1;34mf'../data/{file}'[0m[1;33m,[0m [0msep[0m[1;33m=[0m[1;34m'\t'[0m[1;33m,[0m [0mencoding[0m[1;33m=[0m[1;34m'latin-1'[0m[1;33m)[0m[1;33m[0m[1;33m[0m[0m
[0m[0;32m      6[0m         [0mprint[0m[1;33m([0m[1;34mf'Reading file: {file} | Contains missing data: {df.isnull().values.any()}'[0m[1;33m)[0m[1;33m[0m[1;33m[0m[0m

[1;32m~\AppData\Roaming\Python\Python38\site-packages\pandas\io\parsers.py[0m in [0;36mparser_f[1;34m(filepath_or_buffer, sep, delimiter, header, names, index_col, usecols, squeeze, prefix, mangle_dupe_cols, dtype, engine, converters, true_values, false_values, skipinitialspace, skiprows, skipfooter, nrows, na_values, keep_default_na, na_filter, verbose, skip_blank_lines, parse_dates, infer_datetime_format, keep_date_col, date_parser, dayfirst, cache_dates, iterator, chunksize, compression, thousands, decimal, lineterminator, quotechar, quoting, doublequote, escapechar, comment, encoding, dialect, error_bad_lines, warn_bad_lines, delim_whitespace, low_memory, memory_map, float_precision)[0m
[0;32m    674[0m         )
[0;32m    675[0m [1;33m[0m[0m
[1;32m--> 676[1;33m         [1;32mreturn[0m [0m_read[0m[1;33m([0m[0mfilepath_or_buffer[0m[1;33m,[0m [0mkwds[0m[1;33m)[0m[1;33m[0m[1;33m[0m[0m
[0m[0;32m    677[0m [1;33m[0m[0m
[0;32m    678[0m     [0mparser_f[0m[1;33m.[0m[0m__name__[0m [1;33m=[0m [0mname[0m[1;33m[0m[1;33m[0m[0m

[1;32m~\AppData\Roaming\Python\Python38\site-packages\pandas\io\parsers.py[0m in [0;36m_read[1;34m(filepath_or_buffer, kwds)[0m
[0;32m    446[0m [1;33m[0m[0m
[0;32m    447[0m     [1;31m# Create the parser.[0m[1;33m[0m[1;33m[0m[1;33m[0m[0m
[1;32m--> 448[1;33m     [0mparser[0m [1;33m=[0m [0mTextFileReader[0m[1;33m([0m[0mfp_or_buf[0m[1;33m,[0m [1;33m**[0m[0mkwds[0m[1;33m)[0m[1;33m[0m[1;33m[0m[0m
[0m[0;32m    449[0m [1;33m[0m[0m
[0;32m    450[0m     [1;32mif[0m [0mchunksize[0m [1;32mor[0m [0miterator[0m[1;33m:[0m[1;33m[0m[1;33m[0m[0m

[1;32m~\AppData\Roaming\Python\Python38\site-packages\pandas\io\parsers.py[0m in [0;36m__init__[1;34m(self, f, engine, **kwds)[0m
[0;32m    878[0m             [0mself[0m[1;33m.[0m[0moptions[0m[1;33m[[0m[1;34m"has_index_names"[0m[1;33m][0m [1;33m=[0m [0mkwds[0m[1;33m[[0m[1;34m"has_index_names"[0m[1;33m][0m[1;33m[0m[1;33m[0m[0m
[0;32m    879[0m [1;33m[0m[0m
[1;32m--> 880[1;33m         [0mself[0m[1;33m.[0m[0m_make_engine[0m[1;33m([0m[0mself[0m[1;33m.[0m[0mengine[0m[1;33m)[0m[1;33m[0m[1;33m[0m[0m
[0m[0;32m    881[0m [1;33m[0m[0m
[0;32m    882[0m     [1;32mdef[0m [0mclose[0m[1;33m([0m[0mself[0m[1;33m)[0m[1;33m:[0m[1;33m[0m[1;33m[0m[0m

[1;32m~\AppData\Roaming\Python\Python38\site-packages\pandas\io\parsers.py[0m in [0;36m_make_engine[1;34m(self, engine)[0m
[0;32m   1112[0m     [1;32mdef[0m [0m_make_engine[0m[1;33m([0m[0mself[0m[1;33m,[0m [0mengine[0m[1;33m=[0m[1;34m"c"[0m[1;33m)[0m[1;33m:[0m[1;33m[0m[1;33m[0m[0m
[0;32m   1113[0m         [1;32mif[0m [0mengine[0m [1;33m==[0m [1;34m"c"[0m[1;33m:[0m[1;33m[0m[1;33m[0m[0m
[1;32m-> 1114[1;33m             [0mself[0m[1;33m.[0m[0m_engine[0m [1;33m=[0m [0mCParserWrapper[0m[1;33m([0m[0mself[0m[1;33m.[0m[0mf[0m[1;33m,[0m [1;33m**[0m[0mself[0m[1;33m.[0m[0moptions[0m[1;33m)[0m[1;33m[0m[1;33m[0m[0m
[0m[0;32m   1115[0m         [1;32melse[0m[1;33m:[0m[1;33m[0m[1;33m[0m[0m
[0;32m   1116[0m             [1;32mif[0m [0mengine[0m [1;33m==[0m [1;34m"python"[0m[1;33m:[0m[1;33m[0m[1;33m[0m[0m

[1;32m~\AppData\Roaming\Python\Python38\site-packages\pandas\io\parsers.py[0m in [0;36m__init__[1;34m(self, src, **kwds)[0m
[0;32m   1872[0m         [1;32mif[0m [0mkwds[0m[1;33m.[0m[0mget[0m[1;33m([0m[1;34m"compression"[0m[1;33m)[0m [1;32mis[0m [1;32mNone[0m [1;32mand[0m [0mencoding[0m[1;33m:[0m[1;33m[0m[1;33m[0m[0m
[0;32m   1873[0m             [1;32mif[0m [0misinstance[0m[1;33m([0m[0msrc[0m[1;33m,[0m [0mstr[0m[1;33m)[0m[1;33m:[0m[1;33m[0m[1;33m[0m[0m
[1;32m-> 1874[1;33m                 [0msrc[0m [1;33m=[0m [0mopen[0m[1;33m([0m[0msrc[0m[1;33m,[0m [1;34m"rb"[0m[1;33m)[0m[1;33m[0m[1;33m[0m[0m
[0m[0;32m   1875[0m                 [0mself[0m[1;33m.[0m[0mhandles[0m[1;33m.[0m[0mappend[0m[1;33m([0m[0msrc[0m[1;33m)[0m[1;33m[0m[1;33m[0m[0m
[0;32m   1876[0m [1;33m[0m[0m

[1;31mPermissionError[0m: [Errno 13] Permission denied: '../data/songs'
PermissionError: [Errno 13] Permission denied: '../data/songs'

